━━━━━━━━━━━━━━━━━━━━━━━━━━━━━━━━━━━━━━━━
Mode:   plan
Prompt: PROMPT_plan.md
Branch: main
━━━━━━━━━━━━━━━━━━━━━━━━━━━━━━━━━━━━━━━━
[91m[1mError: [0mUnexpected error, check log file at /home/codespace/.local/share/opencode/log/2026-06-09T124013.log for more details

EBADF: bad file descriptor, read
Everything up-to-date


======================== LOOP 1 ========================

[91m[1mError: [0mUnexpected error, check log file at /home/codespace/.local/share/opencode/log/2026-06-09T124016.log for more details

EBADF: bad file descriptor, read
Everything up-to-date


======================== LOOP 2 ========================

[91m[1mError: [0mUnexpected error, check log file at /home/codespace/.local/share/opencode/log/2026-06-09T124018.log for more details

EBADF: bad file descriptor, read
Everything up-to-date


======================== LOOP 3 ========================

[91m[1mError: [0mUnexpected error, check log file at /home/codespace/.local/share/opencode/log/2026-06-09T124021.log for more details

EBADF: bad file descriptor, read
Everything up-to-date


======================== LOOP 4 ========================

[91m[1mError: [0mUnexpected error, check log file at /home/codespace/.local/share/opencode/log/2026-06-09T124024.log for more details

EBADF: bad file descriptor, read
Everything up-to-date


======================== LOOP 5 ========================

[91m[1mError: [0mUnexpected error, check log file at /home/codespace/.local/share/opencode/log/2026-06-09T124026.log for more details

EBADF: bad file descriptor, read
Everything up-to-date


======================== LOOP 6 ========================

[91m[1mError: [0mUnexpected error, check log file at /home/codespace/.local/share/opencode/log/2026-06-09T124029.log for more details

EBADF: bad file descriptor, read
Everything up-to-date


======================== LOOP 7 ========================

[91m[1mError: [0mUnexpected error, check log file at /home/codespace/.local/share/opencode/log/2026-06-09T124032.log for more details

EBADF: bad file descriptor, read
Everything up-to-date


======================== LOOP 8 ========================

[91m[1mError: [0mUnexpected error, check log file at /home/codespace/.local/share/opencode/log/2026-06-09T124034.log for more details

EBADF: bad file descriptor, read
Everything up-to-date


======================== LOOP 9 ========================

[91m[1mError: [0mUnexpected error, check log file at /home/codespace/.local/share/opencode/log/2026-06-09T124037.log for more details

EBADF: bad file descriptor, read
Everything up-to-date


======================== LOOP 10 ========================

[91m[1mError: [0mUnexpected error, check log file at /home/codespace/.local/share/opencode/log/2026-06-09T124039.log for more details

EBADF: bad file descriptor, read
Everything up-to-date


======================== LOOP 11 ========================

[91m[1mError: [0mUnexpected error, check log file at /home/codespace/.local/share/opencode/log/2026-06-09T124042.log for more details

EBADF: bad file descriptor, read
Everything up-to-date


======================== LOOP 12 ========================

[91m[1mError: [0mUnexpected error, check log file at /home/codespace/.local/share/opencode/log/2026-06-09T124044.log for more details

EBADF: bad file descriptor, read
Everything up-to-date


======================== LOOP 13 ========================

[91m[1mError: [0mUnexpected error, check log file at /home/codespace/.local/share/opencode/log/2026-06-09T124047.log for more details

EBADF: bad file descriptor, read
Everything up-to-date


======================== LOOP 14 ========================

[91m[1mError: [0mUnexpected error, check log file at /home/codespace/.local/share/opencode/log/2026-06-09T124050.log for more details

EBADF: bad file descriptor, read
Everything up-to-date


======================== LOOP 15 ========================

[91m[1mError: [0mUnexpected error, check log file at /home/codespace/.local/share/opencode/log/2026-06-09T124052.log for more details

EBADF: bad file descriptor, read
Everything up-to-date


======================== LOOP 16 ========================

[91m[1mError: [0mUnexpected error, check log file at /home/codespace/.local/share/opencode/log/2026-06-09T124055.log for more details

EBADF: bad file descriptor, read
Everything up-to-date


======================== LOOP 17 ========================

[91m[1mError: [0mUnexpected error, check log file at /home/codespace/.local/share/opencode/log/2026-06-09T124058.log for more details

EBADF: bad file descriptor, read
Everything up-to-date


======================== LOOP 18 ========================

[91m[1mError: [0mUnexpected error, check log file at /home/codespace/.local/share/opencode/log/2026-06-09T124100.log for more details

EBADF: bad file descriptor, read
Everything up-to-date


======================== LOOP 19 ========================

[91m[1mError: [0mUnexpected error, check log file at /home/codespace/.local/share/opencode/log/2026-06-09T124103.log for more details

EBADF: bad file descriptor, read
Everything up-to-date


======================== LOOP 20 ========================

[91m[1mError: [0mUnexpected error, check log file at /home/codespace/.local/share/opencode/log/2026-06-09T124105.log for more details

EBADF: bad file descriptor, read
Everything up-to-date


======================== LOOP 21 ========================

[91m[1mError: [0mUnexpected error, check log file at /home/codespace/.local/share/opencode/log/2026-06-09T124108.log for more details

EBADF: bad file descriptor, read
Everything up-to-date


======================== LOOP 22 ========================

[91m[1mError: [0mUnexpected error, check log file at /home/codespace/.local/share/opencode/log/2026-06-09T124111.log for more details

EBADF: bad file descriptor, read
Everything up-to-date


======================== LOOP 23 ========================

[91m[1mError: [0mUnexpected error, check log file at /home/codespace/.local/share/opencode/log/2026-06-09T124113.log for more details

EBADF: bad file descriptor, read
Everything up-to-date


======================== LOOP 24 ========================

[91m[1mError: [0mUnexpected error, check log file at /home/codespace/.local/share/opencode/log/2026-06-09T124116.log for more details

EBADF: bad file descriptor, read
Everything up-to-date
